<?xml version="1.0" encoding="UTF-8"?>
<!-- Generated by org.testng.reporters.JUnitReportReporter -->
<testsuite hostname="Gauravs-MacBook-Pro.local" failures="0" tests="1" name="Testcases.Loginapplication" time="18.595" errors="0" timestamp="2021-07-04T13:37:43 IST" skipped="0">
  <testcase classname="Testcases.Loginapplication" name="Login" time="18.595"/>
  <system-out/>
</testsuite> <!-- Testcases.Loginapplication -->
